Pig Stack Trace
---------------
ERROR 1003: Unable to find an operator for alias ct_customers

org.apache.pig.impl.logicalLayer.FrontendException: ERROR 1003: Unable to find an operator for alias ct_customers
	at org.apache.pig.PigServer$Graph.buildPlan(PigServer.java:1439)
	at org.apache.pig.PigServer.storeEx(PigServer.java:926)
	at org.apache.pig.PigServer.store(PigServer.java:898)
	at org.apache.pig.PigServer.openIterator(PigServer.java:811)
	at org.apache.pig.tools.grunt.GruntParser.processDump(GruntParser.java:696)
	at org.apache.pig.tools.pigscript.parser.PigScriptParser.parse(PigScriptParser.java:320)
	at org.apache.pig.tools.grunt.GruntParser.parseStopOnError(GruntParser.java:194)
	at org.apache.pig.tools.grunt.GruntParser.parseStopOnError(GruntParser.java:170)
	at org.apache.pig.tools.grunt.Grunt.exec(Grunt.java:84)
	at org.apache.pig.Main.run(Main.java:604)
	at org.apache.pig.Main.main(Main.java:157)
	at sun.reflect.NativeMethodAccessorImpl.invoke0(Native Method)
	at sun.reflect.NativeMethodAccessorImpl.invoke(NativeMethodAccessorImpl.java:39)
	at sun.reflect.DelegatingMethodAccessorImpl.invoke(DelegatingMethodAccessorImpl.java:25)
	at java.lang.reflect.Method.invoke(Method.java:597)
	at org.apache.hadoop.util.RunJar.main(RunJar.java:208)
================================================================================
